This file contains any messages produced by compilers while
running configure, to aid debugging if configure makes a mistake.

It was created by seq24 configure 0.11.0, which was
generated by GNU Autoconf 2.69.  Invocation command line was

  $ ./configure --no-create --no-recursion

## --------- ##
## Platform. ##
## --------- ##

hostname = x61
uname -m = x86_64
uname -r = 5.10.0-1-amd64
uname -s = Linux
uname -v = #1 SMP Debian 5.10.4-1 (2020-12-31)

/usr/bin/uname -p = unknown
/bin/uname -X     = unknown

/bin/arch              = x86_64
/usr/bin/arch -k       = unknown
/usr/convex/getsysinfo = unknown
/usr/bin/hostinfo      = unknown
/bin/machine           = unknown
/usr/bin/oslevel       = unknown
/bin/universe          = unknown

PATH: /home/bordun/.nvm/versions/node/v12.7.0/bin
PATH: /usr/local/bin
PATH: /usr/bin
PATH: /bin
PATH: /usr/local/games
PATH: /usr/games


## ----------- ##
## Core tests. ##
## ----------- ##

configure:2307: checking for a BSD-compatible install
configure:2375: result: /usr/bin/install -c
configure:2386: checking whether build environment is sane
configure:2441: result: yes
configure:2587: checking for a thread-safe mkdir -p
configure:2626: result: /usr/bin/mkdir -p
configure:2633: checking for gawk
configure:2649: found /usr/bin/gawk
configure:2660: result: gawk
configure:2671: checking whether make sets $(MAKE)
configure:2693: result: yes
configure:2722: checking whether make supports nested variables
configure:2739: result: yes
configure:2881: checking for gawk
configure:2908: result: gawk
configure:2967: checking for gcc
configure:2983: found /usr/bin/gcc
configure:2994: result: gcc
configure:3223: checking for C compiler version
configure:3232: gcc --version >&5
gcc (Debian 10.2.1-6) 10.2.1 20210110
Copyright (C) 2020 Free Software Foundation, Inc.
This is free software; see the source for copying conditions.  There is NO
warranty; not even for MERCHANTABILITY or FITNESS FOR A PARTICULAR PURPOSE.

configure:3243: $? = 0
configure:3232: gcc -v >&5
Using built-in specs.
COLLECT_GCC=gcc
COLLECT_LTO_WRAPPER=/usr/lib/gcc/x86_64-linux-gnu/10/lto-wrapper
OFFLOAD_TARGET_NAMES=nvptx-none:amdgcn-amdhsa:hsa
OFFLOAD_TARGET_DEFAULT=1
Target: x86_64-linux-gnu
Configured with: ../src/configure -v --with-pkgversion='Debian 10.2.1-6' --with-bugurl=file:///usr/share/doc/gcc-10/README.Bugs --enable-languages=c,ada,c++,go,brig,d,fortran,objc,obj-c++,m2 --prefix=/usr --with-gcc-major-version-only --program-suffix=-10 --program-prefix=x86_64-linux-gnu- --enable-shared --enable-linker-build-id --libexecdir=/usr/lib --without-included-gettext --enable-threads=posix --libdir=/usr/lib --enable-nls --enable-bootstrap --enable-clocale=gnu --enable-libstdcxx-debug --enable-libstdcxx-time=yes --with-default-libstdcxx-abi=new --enable-gnu-unique-object --disable-vtable-verify --enable-plugin --enable-default-pie --with-system-zlib --enable-libphobos-checking=release --with-target-system-zlib=auto --enable-objc-gc=auto --enable-multiarch --disable-werror --with-arch-32=i686 --with-abi=m64 --with-multilib-list=m32,m64,mx32 --enable-multilib --with-tune=generic --enable-offload-targets=nvptx-none=/build/gcc-10-Km9U7s/gcc-10-10.2.1/debian/tmp-nvptx/usr,amdgcn-amdhsa=/build/gcc-10-Km9U7s/gcc-10-10.2.1/debian/tmp-gcn/usr,hsa --without-cuda-driver --enable-checking=release --build=x86_64-linux-gnu --host=x86_64-linux-gnu --target=x86_64-linux-gnu --with-build-config=bootstrap-lto-lean --enable-link-mutex
Thread model: posix
Supported LTO compression algorithms: zlib zstd
gcc version 10.2.1 20210110 (Debian 10.2.1-6) 
... rest of stderr output deleted ...
configure:3243: $? = 0
configure:3232: gcc -V >&5
gcc: error: unrecognized command-line option '-V'
gcc: fatal error: no input files
compilation terminated.
configure:3243: $? = 1
configure:3232: gcc -qversion >&5
gcc: error: unrecognized command-line option '-qversion'; did you mean '--version'?
gcc: fatal error: no input files
compilation terminated.
configure:3243: $? = 1
configure:3263: checking whether the C compiler works
configure:3285: gcc    conftest.c  >&5
configure:3289: $? = 0
configure:3337: result: yes
configure:3340: checking for C compiler default output file name
configure:3342: result: a.out
configure:3348: checking for suffix of executables
configure:3355: gcc -o conftest    conftest.c  >&5
configure:3359: $? = 0
configure:3381: result: 
configure:3403: checking whether we are cross compiling
configure:3411: gcc -o conftest    conftest.c  >&5
configure:3415: $? = 0
configure:3422: ./conftest
configure:3426: $? = 0
configure:3441: result: no
configure:3446: checking for suffix of object files
configure:3468: gcc -c   conftest.c >&5
configure:3472: $? = 0
configure:3493: result: o
configure:3497: checking whether we are using the GNU C compiler
configure:3516: gcc -c   conftest.c >&5
configure:3516: $? = 0
configure:3525: result: yes
configure:3534: checking whether gcc accepts -g
configure:3554: gcc -c -g  conftest.c >&5
configure:3554: $? = 0
configure:3595: result: yes
configure:3612: checking for gcc option to accept ISO C89
configure:3675: gcc  -c -g -O2  conftest.c >&5
configure:3675: $? = 0
configure:3688: result: none needed
configure:3713: checking whether gcc understands -c and -o together
configure:3735: gcc -c conftest.c -o conftest2.o
configure:3738: $? = 0
configure:3735: gcc -c conftest.c -o conftest2.o
configure:3738: $? = 0
configure:3750: result: yes
configure:3770: checking whether make supports the include directive
configure:3785: make -f confmf.GNU && cat confinc.out
make[1]: Entering directory '/home/bordun/Dev/seq24-plagiat'
make[1]: Leaving directory '/home/bordun/Dev/seq24-plagiat'
this is the am__doit target
configure:3788: $? = 0
configure:3807: result: yes (GNU style)
configure:3832: checking dependency style of gcc
configure:3943: result: gcc3
configure:4016: checking for g++
configure:4032: found /usr/bin/g++
configure:4043: result: g++
configure:4070: checking for C++ compiler version
configure:4079: g++ --version >&5
g++ (Debian 10.2.1-6) 10.2.1 20210110
Copyright (C) 2020 Free Software Foundation, Inc.
This is free software; see the source for copying conditions.  There is NO
warranty; not even for MERCHANTABILITY or FITNESS FOR A PARTICULAR PURPOSE.

configure:4090: $? = 0
configure:4079: g++ -v >&5
Using built-in specs.
COLLECT_GCC=g++
COLLECT_LTO_WRAPPER=/usr/lib/gcc/x86_64-linux-gnu/10/lto-wrapper
OFFLOAD_TARGET_NAMES=nvptx-none:amdgcn-amdhsa:hsa
OFFLOAD_TARGET_DEFAULT=1
Target: x86_64-linux-gnu
Configured with: ../src/configure -v --with-pkgversion='Debian 10.2.1-6' --with-bugurl=file:///usr/share/doc/gcc-10/README.Bugs --enable-languages=c,ada,c++,go,brig,d,fortran,objc,obj-c++,m2 --prefix=/usr --with-gcc-major-version-only --program-suffix=-10 --program-prefix=x86_64-linux-gnu- --enable-shared --enable-linker-build-id --libexecdir=/usr/lib --without-included-gettext --enable-threads=posix --libdir=/usr/lib --enable-nls --enable-bootstrap --enable-clocale=gnu --enable-libstdcxx-debug --enable-libstdcxx-time=yes --with-default-libstdcxx-abi=new --enable-gnu-unique-object --disable-vtable-verify --enable-plugin --enable-default-pie --with-system-zlib --enable-libphobos-checking=release --with-target-system-zlib=auto --enable-objc-gc=auto --enable-multiarch --disable-werror --with-arch-32=i686 --with-abi=m64 --with-multilib-list=m32,m64,mx32 --enable-multilib --with-tune=generic --enable-offload-targets=nvptx-none=/build/gcc-10-Km9U7s/gcc-10-10.2.1/debian/tmp-nvptx/usr,amdgcn-amdhsa=/build/gcc-10-Km9U7s/gcc-10-10.2.1/debian/tmp-gcn/usr,hsa --without-cuda-driver --enable-checking=release --build=x86_64-linux-gnu --host=x86_64-linux-gnu --target=x86_64-linux-gnu --with-build-config=bootstrap-lto-lean --enable-link-mutex
Thread model: posix
Supported LTO compression algorithms: zlib zstd
gcc version 10.2.1 20210110 (Debian 10.2.1-6) 
... rest of stderr output deleted ...
configure:4090: $? = 0
configure:4079: g++ -V >&5
g++: error: unrecognized command-line option '-V'
g++: fatal error: no input files
compilation terminated.
configure:4090: $? = 1
configure:4079: g++ -qversion >&5
g++: error: unrecognized command-line option '-qversion'; did you mean '--version'?
g++: fatal error: no input files
compilation terminated.
configure:4090: $? = 1
configure:4094: checking whether we are using the GNU C++ compiler
configure:4113: g++ -c   conftest.cpp >&5
configure:4113: $? = 0
configure:4122: result: yes
configure:4131: checking whether g++ accepts -g
configure:4151: g++ -c -g  conftest.cpp >&5
configure:4151: $? = 0
configure:4192: result: yes
configure:4217: checking dependency style of g++
configure:4328: result: gcc3
configure:4344: checking whether ln -s works
configure:4348: result: yes
configure:4356: checking if --as-needed works
configure:4388: gcc -o conftest -g -O2  -Wl,--as-needed conftest.c  >&5
configure:4388: $? = 0
configure:4398: result: yes
configure:4406: checking for main in -lrt
configure:4425: gcc -o conftest -g -O2   -Wl,--as-needed conftest.c -lrt   >&5
configure:4425: $? = 0
configure:4434: result: yes
configure:4447: checking for _init in -lgtkmm-2.4
configure:4472: gcc -o conftest -g -O2   -Wl,--as-needed conftest.c -lgtkmm-2.4  -lrt  >&5
configure:4472: $? = 0
configure:4481: result: yes
configure:4494: checking for main in -lsigc-2.0
configure:4513: gcc -o conftest -g -O2   -Wl,--as-needed conftest.c -lsigc-2.0  -lgtkmm-2.4 -lrt  >&5
configure:4513: $? = 0
configure:4522: result: yes
configure:4535: checking for snd_pcm_open in -lasound
configure:4560: gcc -o conftest -g -O2   -Wl,--as-needed conftest.c -lasound  -lsigc-2.0 -lgtkmm-2.4 -lrt  >&5
configure:4560: $? = 0
configure:4569: result: yes
configure:4588: checking how to run the C preprocessor
configure:4619: gcc -E  conftest.c
configure:4619: $? = 0
configure:4633: gcc -E  conftest.c
conftest.c:18:10: fatal error: ac_nonexistent.h: No such file or directory
   18 | #include <ac_nonexistent.h>
      |          ^~~~~~~~~~~~~~~~~~
compilation terminated.
configure:4633: $? = 1
configure: failed program was:
| /* confdefs.h */
| #define PACKAGE_NAME "seq24"
| #define PACKAGE_TARNAME "seq24"
| #define PACKAGE_VERSION "0.11.0"
| #define PACKAGE_STRING "seq24 0.11.0"
| #define PACKAGE_BUGREPORT "seq24-devel@lists.sourceforge.net"
| #define PACKAGE_URL ""
| #define PACKAGE "seq24"
| #define VERSION "0.11.0"
| #define _GNU_SOURCE 1
| #define DISABLE_KEYBOARD 1
| #define DISABLE_SONG_EDITOR 1
| #define HAVE_LIBRT 1
| #define HAVE_LIBGTKMM_2_4 1
| #define HAVE_LIBSIGC_2_0 1
| #define HAVE_LIBASOUND 1
| /* end confdefs.h.  */
| #include <ac_nonexistent.h>
configure:4658: result: gcc -E
configure:4678: gcc -E  conftest.c
configure:4678: $? = 0
configure:4692: gcc -E  conftest.c
conftest.c:18:10: fatal error: ac_nonexistent.h: No such file or directory
   18 | #include <ac_nonexistent.h>
      |          ^~~~~~~~~~~~~~~~~~
compilation terminated.
configure:4692: $? = 1
configure: failed program was:
| /* confdefs.h */
| #define PACKAGE_NAME "seq24"
| #define PACKAGE_TARNAME "seq24"
| #define PACKAGE_VERSION "0.11.0"
| #define PACKAGE_STRING "seq24 0.11.0"
| #define PACKAGE_BUGREPORT "seq24-devel@lists.sourceforge.net"
| #define PACKAGE_URL ""
| #define PACKAGE "seq24"
| #define VERSION "0.11.0"
| #define _GNU_SOURCE 1
| #define DISABLE_KEYBOARD 1
| #define DISABLE_SONG_EDITOR 1
| #define HAVE_LIBRT 1
| #define HAVE_LIBGTKMM_2_4 1
| #define HAVE_LIBSIGC_2_0 1
| #define HAVE_LIBASOUND 1
| /* end confdefs.h.  */
| #include <ac_nonexistent.h>
configure:4721: checking for grep that handles long lines and -e
configure:4779: result: /usr/bin/grep
configure:4784: checking for egrep
configure:4846: result: /usr/bin/grep -E
configure:4851: checking for ANSI C header files
configure:4871: gcc -c -g -O2  conftest.c >&5
configure:4871: $? = 0
configure:4944: gcc -o conftest -g -O2   -Wl,--as-needed conftest.c -lasound -lsigc-2.0 -lgtkmm-2.4 -lrt  >&5
configure:4944: $? = 0
configure:4944: ./conftest
configure:4944: $? = 0
configure:4955: result: yes
configure:4968: checking for sys/types.h
configure:4968: gcc -c -g -O2  conftest.c >&5
configure:4968: $? = 0
configure:4968: result: yes
configure:4968: checking for sys/stat.h
configure:4968: gcc -c -g -O2  conftest.c >&5
configure:4968: $? = 0
configure:4968: result: yes
configure:4968: checking for stdlib.h
configure:4968: gcc -c -g -O2  conftest.c >&5
configure:4968: $? = 0
configure:4968: result: yes
configure:4968: checking for string.h
configure:4968: gcc -c -g -O2  conftest.c >&5
configure:4968: $? = 0
configure:4968: result: yes
configure:4968: checking for memory.h
configure:4968: gcc -c -g -O2  conftest.c >&5
configure:4968: $? = 0
configure:4968: result: yes
configure:4968: checking for strings.h
configure:4968: gcc -c -g -O2  conftest.c >&5
configure:4968: $? = 0
configure:4968: result: yes
configure:4968: checking for inttypes.h
configure:4968: gcc -c -g -O2  conftest.c >&5
configure:4968: $? = 0
configure:4968: result: yes
configure:4968: checking for stdint.h
configure:4968: gcc -c -g -O2  conftest.c >&5
configure:4968: $? = 0
configure:4968: result: yes
configure:4968: checking for unistd.h
configure:4968: gcc -c -g -O2  conftest.c >&5
configure:4968: $? = 0
configure:4968: result: yes
configure:4982: checking for unistd.h
configure:4982: result: yes
configure:4993: checking for an ANSI C-conforming const
configure:5059: gcc -c -g -O2  conftest.c >&5
configure:5059: $? = 0
configure:5066: result: yes
configure:5077: checking for select
configure:5077: gcc -o conftest -g -O2   -Wl,--as-needed conftest.c -lasound -lsigc-2.0 -lgtkmm-2.4 -lrt  >&5
configure:5077: $? = 0
configure:5077: result: yes
configure:5127: checking for ALSA CFLAGS
configure:5133: result: 
configure:5136: checking for dlopen in -lc
configure:5161: gcc -o conftest -g -O2   -Wl,--as-needed conftest.c -lc  -lasound -lsigc-2.0 -lgtkmm-2.4 -lrt  >&5
/usr/bin/ld: /tmp/cc2xHpHI.o: in function `main':
/home/bordun/Dev/seq24-plagiat/conftest.c:41: undefined reference to `dlopen'
collect2: error: ld returned 1 exit status
configure:5161: $? = 1
configure: failed program was:
| /* confdefs.h */
| #define PACKAGE_NAME "seq24"
| #define PACKAGE_TARNAME "seq24"
| #define PACKAGE_VERSION "0.11.0"
| #define PACKAGE_STRING "seq24 0.11.0"
| #define PACKAGE_BUGREPORT "seq24-devel@lists.sourceforge.net"
| #define PACKAGE_URL ""
| #define PACKAGE "seq24"
| #define VERSION "0.11.0"
| #define _GNU_SOURCE 1
| #define DISABLE_KEYBOARD 1
| #define DISABLE_SONG_EDITOR 1
| #define HAVE_LIBRT 1
| #define HAVE_LIBGTKMM_2_4 1
| #define HAVE_LIBSIGC_2_0 1
| #define HAVE_LIBASOUND 1
| #define STDC_HEADERS 1
| #define HAVE_SYS_TYPES_H 1
| #define HAVE_SYS_STAT_H 1
| #define HAVE_STDLIB_H 1
| #define HAVE_STRING_H 1
| #define HAVE_MEMORY_H 1
| #define HAVE_STRINGS_H 1
| #define HAVE_INTTYPES_H 1
| #define HAVE_STDINT_H 1
| #define HAVE_UNISTD_H 1
| #define HAVE_UNISTD_H 1
| #define HAVE_SELECT 1
| /* end confdefs.h.  */
| 
| /* Override any GCC internal prototype to avoid an error.
|    Use char because int might match the return type of a GCC
|    builtin and then its argument prototype would still apply.  */
| #ifdef __cplusplus
| extern "C"
| #endif
| char dlopen ();
| int
| main ()
| {
| return dlopen ();
|   ;
|   return 0;
| }
configure:5170: result: no
configure:5175: checking for dlopen in -ldl
configure:5200: gcc -o conftest -g -O2   -Wl,--as-needed conftest.c -ldl  -lasound -lsigc-2.0 -lgtkmm-2.4 -lrt  >&5
configure:5200: $? = 0
configure:5209: result: yes
configure:5218: checking for ALSA LDFLAGS
configure:5227: result:  -lasound -lm -ldl -lpthread
configure:5232: checking required libasound headers version
configure:5242: result: 0.9.0
configure:5252: checking for libasound headers version >= 0.9.0 (0.9.0)
configure:5299: gcc -c -g -O2  conftest.c >&5
configure:5299: $? = 0
configure:5300: result: found.
configure:5324: checking for libatopology (sound headers version > 1.1.9)
configure:5351: gcc -c -g -O2  conftest.c >&5
conftest.c:32:10: fatal error: alsa/topology.h: No such file or directory
   32 | #include <alsa/topology.h>
      |          ^~~~~~~~~~~~~~~~~
compilation terminated.
configure:5351: $? = 1
configure: failed program was:
| /* confdefs.h */
| #define PACKAGE_NAME "seq24"
| #define PACKAGE_TARNAME "seq24"
| #define PACKAGE_VERSION "0.11.0"
| #define PACKAGE_STRING "seq24 0.11.0"
| #define PACKAGE_BUGREPORT "seq24-devel@lists.sourceforge.net"
| #define PACKAGE_URL ""
| #define PACKAGE "seq24"
| #define VERSION "0.11.0"
| #define _GNU_SOURCE 1
| #define DISABLE_KEYBOARD 1
| #define DISABLE_SONG_EDITOR 1
| #define HAVE_LIBRT 1
| #define HAVE_LIBGTKMM_2_4 1
| #define HAVE_LIBSIGC_2_0 1
| #define HAVE_LIBASOUND 1
| #define STDC_HEADERS 1
| #define HAVE_SYS_TYPES_H 1
| #define HAVE_SYS_STAT_H 1
| #define HAVE_STDLIB_H 1
| #define HAVE_STRING_H 1
| #define HAVE_MEMORY_H 1
| #define HAVE_STRINGS_H 1
| #define HAVE_INTTYPES_H 1
| #define HAVE_STDINT_H 1
| #define HAVE_UNISTD_H 1
| #define HAVE_UNISTD_H 1
| #define HAVE_SELECT 1
| /* end confdefs.h.  */
| 
| #include <alsa/asoundlib.h>
| #include <alsa/topology.h>
| 
| int
| main ()
| {
| 
| /* ensure backward compatibility */
| #if !defined(SND_LIB_VERSION)
| #define SND_LIB_VERSION 0
| #endif
| #if SND_LIB_VERSION > 0x00010109
|   exit(0);
| #else
| # error not present
| #endif
| exit(0);
| 
|   ;
|   return 0;
| }
configure:5356: result: no
configure:5371: checking for snd_ctl_open in -lasound
configure:5396: gcc -o conftest -g -O2   -Wl,--as-needed conftest.c -lasound   -lasound -lm -ldl -lpthread -lasound -lsigc-2.0 -lgtkmm-2.4 -lrt  >&5
configure:5396: $? = 0
configure:5405: result: yes
configure:5497: checking for ALSA topology LDFLAGS
configure:5502: result: 
configure:5566: checking for pkg-config
configure:5584: found /usr/bin/pkg-config
configure:5596: result: /usr/bin/pkg-config
configure:5621: checking pkg-config is at least version 0.9.0
configure:5624: result: yes
configure:5634: checking for gtkmm-2.4 >= 2.4.0
configure:5641: $PKG_CONFIG --exists --print-errors "gtkmm-2.4 >= 2.4.0"
configure:5644: $? = 0
configure:5658: $PKG_CONFIG --exists --print-errors "gtkmm-2.4 >= 2.4.0"
configure:5661: $? = 0
configure:5719: result: yes
configure:5739: checking for jack >= 0.90.0
configure:5746: $PKG_CONFIG --exists --print-errors "jack >= 0.90.0"
configure:5749: $? = 0
configure:5763: $PKG_CONFIG --exists --print-errors "jack >= 0.90.0"
configure:5766: $? = 0
configure:5804: result: yes
configure:5836: checking for lash-1.0 >= 0.5.0
configure:5843: $PKG_CONFIG --exists --print-errors "lash-1.0 >= 0.5.0"
Package lash-1.0 was not found in the pkg-config search path.
Perhaps you should add the directory containing `lash-1.0.pc'
to the PKG_CONFIG_PATH environment variable
No package 'lash-1.0' found
configure:5846: $? = 1
configure:5860: $PKG_CONFIG --exists --print-errors "lash-1.0 >= 0.5.0"
Package lash-1.0 was not found in the pkg-config search path.
Perhaps you should add the directory containing `lash-1.0.pc'
to the PKG_CONFIG_PATH environment variable
No package 'lash-1.0' found
configure:5863: $? = 1
configure:5877: result: no
No package 'lash-1.0' found
configure:5912: WARNING:  *** LASH not found, session support will not be built.
configure:6024: checking that generated files are newer than configure
configure:6030: result: done
configure:6057: creating ./config.status

## ---------------- ##
## Cache variables. ##
## ---------------- ##

ac_cv_c_compiler_gnu=yes
ac_cv_c_const=yes
ac_cv_cxx_compiler_gnu=yes
ac_cv_env_CCC_set=
ac_cv_env_CCC_value=
ac_cv_env_CC_set=
ac_cv_env_CC_value=
ac_cv_env_CFLAGS_set=
ac_cv_env_CFLAGS_value=
ac_cv_env_CPPFLAGS_set=
ac_cv_env_CPPFLAGS_value=
ac_cv_env_CPP_set=
ac_cv_env_CPP_value=
ac_cv_env_CXXFLAGS_set=
ac_cv_env_CXXFLAGS_value=
ac_cv_env_CXX_set=
ac_cv_env_CXX_value=
ac_cv_env_GTKMM_CFLAGS_set=
ac_cv_env_GTKMM_CFLAGS_value=
ac_cv_env_GTKMM_LIBS_set=
ac_cv_env_GTKMM_LIBS_value=
ac_cv_env_JACK_CFLAGS_set=
ac_cv_env_JACK_CFLAGS_value=
ac_cv_env_JACK_LIBS_set=
ac_cv_env_JACK_LIBS_value=
ac_cv_env_LASH_CFLAGS_set=
ac_cv_env_LASH_CFLAGS_value=
ac_cv_env_LASH_LIBS_set=
ac_cv_env_LASH_LIBS_value=
ac_cv_env_LDFLAGS_set=
ac_cv_env_LDFLAGS_value=
ac_cv_env_LIBS_set=
ac_cv_env_LIBS_value=
ac_cv_env_PKG_CONFIG_LIBDIR_set=
ac_cv_env_PKG_CONFIG_LIBDIR_value=
ac_cv_env_PKG_CONFIG_PATH_set=
ac_cv_env_PKG_CONFIG_PATH_value=
ac_cv_env_PKG_CONFIG_set=
ac_cv_env_PKG_CONFIG_value=
ac_cv_env_build_alias_set=
ac_cv_env_build_alias_value=
ac_cv_env_host_alias_set=
ac_cv_env_host_alias_value=
ac_cv_env_target_alias_set=
ac_cv_env_target_alias_value=
ac_cv_func_select=yes
ac_cv_header_inttypes_h=yes
ac_cv_header_memory_h=yes
ac_cv_header_stdc=yes
ac_cv_header_stdint_h=yes
ac_cv_header_stdlib_h=yes
ac_cv_header_string_h=yes
ac_cv_header_strings_h=yes
ac_cv_header_sys_stat_h=yes
ac_cv_header_sys_types_h=yes
ac_cv_header_unistd_h=yes
ac_cv_lib_asound_snd_ctl_open=yes
ac_cv_lib_asound_snd_pcm_open=yes
ac_cv_lib_c_dlopen=no
ac_cv_lib_dl_dlopen=yes
ac_cv_lib_gtkmm_2_4__init=yes
ac_cv_lib_rt_main=yes
ac_cv_lib_sigc_2_0_main=yes
ac_cv_objext=o
ac_cv_path_EGREP='/usr/bin/grep -E'
ac_cv_path_GREP=/usr/bin/grep
ac_cv_path_ac_pt_PKG_CONFIG=/usr/bin/pkg-config
ac_cv_path_install='/usr/bin/install -c'
ac_cv_path_mkdir=/usr/bin/mkdir
ac_cv_prog_AWK=gawk
ac_cv_prog_CPP='gcc -E'
ac_cv_prog_ac_ct_CC=gcc
ac_cv_prog_ac_ct_CXX=g++
ac_cv_prog_cc_c89=
ac_cv_prog_cc_g=yes
ac_cv_prog_cxx_g=yes
ac_cv_prog_make_make_set=yes
am_cv_CC_dependencies_compiler_type=gcc3
am_cv_CXX_dependencies_compiler_type=gcc3
am_cv_make_support_nested_variables=yes
am_cv_prog_cc_c_o=yes
pkg_cv_GTKMM_CFLAGS='-pthread -I/usr/include/gtkmm-2.4 -I/usr/lib/x86_64-linux-gnu/gtkmm-2.4/include -I/usr/include/atkmm-1.6 -I/usr/include/gtk-unix-print-2.0 -I/usr/include/gtk-2.0 -I/usr/include/gdkmm-2.4 -I/usr/lib/x86_64-linux-gnu/gdkmm-2.4/include -I/usr/include/giomm-2.4 -I/usr/lib/x86_64-linux-gnu/giomm-2.4/include -I/usr/include/pangomm-1.4 -I/usr/lib/x86_64-linux-gnu/pangomm-1.4/include -I/usr/include/glibmm-2.4 -I/usr/lib/x86_64-linux-gnu/glibmm-2.4/include -I/usr/include/cairomm-1.0 -I/usr/lib/x86_64-linux-gnu/cairomm-1.0/include -I/usr/include/sigc++-2.0 -I/usr/lib/x86_64-linux-gnu/sigc++-2.0/include -I/usr/include/gtk-2.0 -I/usr/lib/x86_64-linux-gnu/gtk-2.0/include -I/usr/include/pango-1.0 -I/usr/include/atk-1.0 -I/usr/include/gdk-pixbuf-2.0 -I/usr/include/pango-1.0 -I/usr/include/libmount -I/usr/include/blkid -I/usr/include/fribidi -I/usr/include/cairo -I/usr/include/pixman-1 -I/usr/include/harfbuzz -I/usr/include/glib-2.0 -I/usr/lib/x86_64-linux-gnu/glib-2.0/include -I/usr/include/uuid -I/usr/include/freetype2 -I/usr/include/libpng16'
pkg_cv_GTKMM_LIBS='-lgtkmm-2.4 -latkmm-1.6 -lgtk-x11-2.0 -lgdkmm-2.4 -lgiomm-2.4 -lpangomm-1.4 -lglibmm-2.4 -lcairomm-1.0 -lsigc-2.0 -lgtk-x11-2.0 -lgdk-x11-2.0 -lpangocairo-1.0 -latk-1.0 -lcairo -lgdk_pixbuf-2.0 -lgio-2.0 -lpangoft2-1.0 -lpango-1.0 -lgobject-2.0 -lglib-2.0 -lharfbuzz -lfontconfig -lfreetype'
pkg_cv_JACK_CFLAGS=
pkg_cv_JACK_LIBS=-ljack

## ----------------- ##
## Output variables. ##
## ----------------- ##

ACLOCAL='${SHELL} '\''/home/bordun/Dev/seq24-plagiat/missing'\'' aclocal-1.16'
ALSA_CFLAGS=''
ALSA_LIBS=' -lasound -lm -ldl -lpthread'
ALSA_TOPOLOGY_LIBS=''
AMDEPBACKSLASH='\'
AMDEP_FALSE='#'
AMDEP_TRUE=''
AMTAR='$${TAR-tar}'
AM_BACKSLASH='\'
AM_DEFAULT_V='$(AM_DEFAULT_VERBOSITY)'
AM_DEFAULT_VERBOSITY='1'
AM_V='$(V)'
AUTOCONF='${SHELL} '\''/home/bordun/Dev/seq24-plagiat/missing'\'' autoconf'
AUTOHEADER='${SHELL} '\''/home/bordun/Dev/seq24-plagiat/missing'\'' autoheader'
AUTOMAKE='${SHELL} '\''/home/bordun/Dev/seq24-plagiat/missing'\'' automake-1.16'
AWK='gawk'
CC='gcc'
CCDEPMODE='depmode=gcc3'
CFLAGS='-g -O2'
CPP='gcc -E'
CPPFLAGS=''
CXX='g++'
CXXDEPMODE='depmode=gcc3'
CXXFLAGS='-g -O2'
CYGPATH_W='echo'
DEFS='-DHAVE_CONFIG_H'
DEPDIR='.deps'
ECHO_C=''
ECHO_N='-n'
ECHO_T=''
EGREP='/usr/bin/grep -E'
EXEEXT=''
GREP='/usr/bin/grep'
GTKMM_CFLAGS='-pthread -I/usr/include/gtkmm-2.4 -I/usr/lib/x86_64-linux-gnu/gtkmm-2.4/include -I/usr/include/atkmm-1.6 -I/usr/include/gtk-unix-print-2.0 -I/usr/include/gtk-2.0 -I/usr/include/gdkmm-2.4 -I/usr/lib/x86_64-linux-gnu/gdkmm-2.4/include -I/usr/include/giomm-2.4 -I/usr/lib/x86_64-linux-gnu/giomm-2.4/include -I/usr/include/pangomm-1.4 -I/usr/lib/x86_64-linux-gnu/pangomm-1.4/include -I/usr/include/glibmm-2.4 -I/usr/lib/x86_64-linux-gnu/glibmm-2.4/include -I/usr/include/cairomm-1.0 -I/usr/lib/x86_64-linux-gnu/cairomm-1.0/include -I/usr/include/sigc++-2.0 -I/usr/lib/x86_64-linux-gnu/sigc++-2.0/include -I/usr/include/gtk-2.0 -I/usr/lib/x86_64-linux-gnu/gtk-2.0/include -I/usr/include/pango-1.0 -I/usr/include/atk-1.0 -I/usr/include/gdk-pixbuf-2.0 -I/usr/include/pango-1.0 -I/usr/include/libmount -I/usr/include/blkid -I/usr/include/fribidi -I/usr/include/cairo -I/usr/include/pixman-1 -I/usr/include/harfbuzz -I/usr/include/glib-2.0 -I/usr/lib/x86_64-linux-gnu/glib-2.0/include -I/usr/include/uuid -I/usr/include/freetype2 -I/usr/include/libpng16'
GTKMM_LIBS='-lgtkmm-2.4 -latkmm-1.6 -lgtk-x11-2.0 -lgdkmm-2.4 -lgiomm-2.4 -lpangomm-1.4 -lglibmm-2.4 -lcairomm-1.0 -lsigc-2.0 -lgtk-x11-2.0 -lgdk-x11-2.0 -lpangocairo-1.0 -latk-1.0 -lcairo -lgdk_pixbuf-2.0 -lgio-2.0 -lpangoft2-1.0 -lpango-1.0 -lgobject-2.0 -lglib-2.0 -lharfbuzz -lfontconfig -lfreetype'
INSTALL_DATA='${INSTALL} -m 644'
INSTALL_PROGRAM='${INSTALL}'
INSTALL_SCRIPT='${INSTALL}'
INSTALL_STRIP_PROGRAM='$(install_sh) -c -s'
JACK_CFLAGS=''
JACK_LIBS='-ljack'
LASH_CFLAGS=''
LASH_LIBS=''
LDFLAGS=' -Wl,--as-needed'
LIBOBJS=''
LIBS='-lasound -lm -ldl -lpthread -lsigc-2.0 -lgtkmm-2.4 -lrt'
LN_S='ln -s'
LTLIBOBJS=''
MAKEINFO='${SHELL} '\''/home/bordun/Dev/seq24-plagiat/missing'\'' makeinfo'
MKDIR_P='/usr/bin/mkdir -p'
OBJEXT='o'
PACKAGE='seq24'
PACKAGE_BUGREPORT='seq24-devel@lists.sourceforge.net'
PACKAGE_NAME='seq24'
PACKAGE_STRING='seq24 0.11.0'
PACKAGE_TARNAME='seq24'
PACKAGE_URL=''
PACKAGE_VERSION='0.11.0'
PATH_SEPARATOR=':'
PKG_CONFIG='/usr/bin/pkg-config'
PKG_CONFIG_LIBDIR=''
PKG_CONFIG_PATH=''
SET_MAKE=''
SHELL='/bin/bash'
STRIP=''
VERSION='0.11.0'
ac_ct_CC='gcc'
ac_ct_CXX='g++'
am__EXEEXT_FALSE=''
am__EXEEXT_TRUE='#'
am__fastdepCC_FALSE='#'
am__fastdepCC_TRUE=''
am__fastdepCXX_FALSE='#'
am__fastdepCXX_TRUE=''
am__include='include'
am__isrc=''
am__leading_dot='.'
am__nodep='_no'
am__quote=''
am__tar='$${TAR-tar} chof - "$$tardir"'
am__untar='$${TAR-tar} xf -'
bindir='${exec_prefix}/bin'
build_alias=''
datadir='${datarootdir}'
datarootdir='${prefix}/share'
docdir='${datarootdir}/doc/${PACKAGE_TARNAME}'
dvidir='${docdir}'
exec_prefix='${prefix}'
host_alias=''
htmldir='${docdir}'
includedir='${prefix}/include'
infodir='${datarootdir}/info'
install_sh='${SHELL} /home/bordun/Dev/seq24-plagiat/install-sh'
libdir='${exec_prefix}/lib'
libexecdir='${exec_prefix}/libexec'
localedir='${datarootdir}/locale'
localstatedir='${prefix}/var'
mandir='${datarootdir}/man'
mkdir_p='$(MKDIR_P)'
oldincludedir='/usr/include'
pdfdir='${docdir}'
prefix='/usr/local'
program_transform_name='s,x,x,'
psdir='${docdir}'
runstatedir='${localstatedir}/run'
sbindir='${exec_prefix}/sbin'
sharedstatedir='${prefix}/com'
sysconfdir='${prefix}/etc'
target_alias=''

## ----------- ##
## confdefs.h. ##
## ----------- ##

/* confdefs.h */
#define PACKAGE_NAME "seq24"
#define PACKAGE_TARNAME "seq24"
#define PACKAGE_VERSION "0.11.0"
#define PACKAGE_STRING "seq24 0.11.0"
#define PACKAGE_BUGREPORT "seq24-devel@lists.sourceforge.net"
#define PACKAGE_URL ""
#define PACKAGE "seq24"
#define VERSION "0.11.0"
#define _GNU_SOURCE 1
#define DISABLE_KEYBOARD 1
#define DISABLE_SONG_EDITOR 1
#define HAVE_LIBRT 1
#define HAVE_LIBGTKMM_2_4 1
#define HAVE_LIBSIGC_2_0 1
#define HAVE_LIBASOUND 1
#define STDC_HEADERS 1
#define HAVE_SYS_TYPES_H 1
#define HAVE_SYS_STAT_H 1
#define HAVE_STDLIB_H 1
#define HAVE_STRING_H 1
#define HAVE_MEMORY_H 1
#define HAVE_STRINGS_H 1
#define HAVE_INTTYPES_H 1
#define HAVE_STDINT_H 1
#define HAVE_UNISTD_H 1
#define HAVE_UNISTD_H 1
#define HAVE_SELECT 1
#define HAVE_LIBASOUND 1
#define JACK_SUPPORT 1

configure: exit 0

## ---------------------- ##
## Running config.status. ##
## ---------------------- ##

This file was extended by seq24 config.status 0.11.0, which was
generated by GNU Autoconf 2.69.  Invocation command line was

  CONFIG_FILES    = 
  CONFIG_HEADERS  = 
  CONFIG_LINKS    = 
  CONFIG_COMMANDS = 
  $ ./config.status 

on x61

config.status:893: creating Makefile
config.status:893: creating man/Makefile
config.status:893: creating src/Makefile
config.status:893: creating src/config.h
config.status:1122: executing depfiles commands
config.status:1199: cd src       && sed -e '/# am--include-marker/d' Makefile         | make -f - am--depfiles
make[1]: Entering directory '/home/bordun/Dev/seq24-plagiat/src'
make[1]: Nothing to be done for 'am--depfiles'.
make[1]: Leaving directory '/home/bordun/Dev/seq24-plagiat/src'
config.status:1204: $? = 0

## ---------------------- ##
## Running config.status. ##
## ---------------------- ##

This file was extended by seq24 config.status 0.11.0, which was
generated by GNU Autoconf 2.69.  Invocation command line was

  CONFIG_FILES    = 
  CONFIG_HEADERS  = 
  CONFIG_LINKS    = 
  CONFIG_COMMANDS = 
  $ ./config.status src/config.h

on x61

config.status:893: creating src/config.h
config.status:1074: src/config.h is unchanged
